Determining if the pthread_create exist failed with the following output:
Change Dir: /home/user/Desktop/AMR-group-7/AMR7_ws/build/CMakeFiles/CMakeTmp

Run Build Command:/usr/bin/make "cmTryCompileExec1380406106/fast"
/usr/bin/make -f CMakeFiles/cmTryCompileExec1380406106.dir/build.make CMakeFiles/cmTryCompileExec1380406106.dir/build
make[1]: Entering directory `/home/user/Desktop/AMR-group-7/AMR7_ws/build/CMakeFiles/CMakeTmp'
/usr/bin/cmake -E cmake_progress_report /home/user/Desktop/AMR-group-7/AMR7_ws/build/CMakeFiles/CMakeTmp/CMakeFiles 1
Building C object CMakeFiles/cmTryCompileExec1380406106.dir/CheckSymbolExists.c.o
/usr/bin/cc    -o CMakeFiles/cmTryCompileExec1380406106.dir/CheckSymbolExists.c.o   -c /home/user/Desktop/AMR-group-7/AMR7_ws/build/CMakeFiles/CMakeTmp/CheckSymbolExists.c
Linking C executable cmTryCompileExec1380406106
/usr/bin/cmake -E cmake_link_script CMakeFiles/cmTryCompileExec1380406106.dir/link.txt --verbose=1
/usr/bin/cc       CMakeFiles/cmTryCompileExec1380406106.dir/CheckSymbolExists.c.o  -o cmTryCompileExec1380406106 -rdynamic 
CMakeFiles/cmTryCompileExec1380406106.dir/CheckSymbolExists.c.o: In function `main':
CheckSymbolExists.c:(.text+0x16): undefined reference to `pthread_create'
collect2: error: ld returned 1 exit status
make[1]: Leaving directory `/home/user/Desktop/AMR-group-7/AMR7_ws/build/CMakeFiles/CMakeTmp'
make[1]: *** [cmTryCompileExec1380406106] Error 1
make: *** [cmTryCompileExec1380406106/fast] Error 2

File /home/user/Desktop/AMR-group-7/AMR7_ws/build/CMakeFiles/CMakeTmp/CheckSymbolExists.c:
/* */
#include <pthread.h>

int main(int argc, char** argv)
{
  (void)argv;
#ifndef pthread_create
  return ((int*)(&pthread_create))[argc];
#else
  (void)argc;
  return 0;
#endif
}

Determining if the function pthread_create exists in the pthreads failed with the following output:
Change Dir: /home/user/Desktop/AMR-group-7/AMR7_ws/build/CMakeFiles/CMakeTmp

Run Build Command:/usr/bin/make "cmTryCompileExec3595218606/fast"
/usr/bin/make -f CMakeFiles/cmTryCompileExec3595218606.dir/build.make CMakeFiles/cmTryCompileExec3595218606.dir/build
make[1]: Entering directory `/home/user/Desktop/AMR-group-7/AMR7_ws/build/CMakeFiles/CMakeTmp'
/usr/bin/cmake -E cmake_progress_report /home/user/Desktop/AMR-group-7/AMR7_ws/build/CMakeFiles/CMakeTmp/CMakeFiles 1
Building C object CMakeFiles/cmTryCompileExec3595218606.dir/CheckFunctionExists.c.o
/usr/bin/cc   -DCHECK_FUNCTION_EXISTS=pthread_create   -o CMakeFiles/cmTryCompileExec3595218606.dir/CheckFunctionExists.c.o   -c /usr/share/cmake-2.8/Modules/CheckFunctionExists.c
Linking C executable cmTryCompileExec3595218606
/usr/bin/cmake -E cmake_link_script CMakeFiles/cmTryCompileExec3595218606.dir/link.txt --verbose=1
/usr/bin/cc   -DCHECK_FUNCTION_EXISTS=pthread_create    CMakeFiles/cmTryCompileExec3595218606.dir/CheckFunctionExists.c.o  -o cmTryCompileExec3595218606 -rdynamic -lpthreads 
/usr/bin/ld: cannot find -lpthreads
collect2: error: ld returned 1 exit status
make[1]: Leaving directory `/home/user/Desktop/AMR-group-7/AMR7_ws/build/CMakeFiles/CMakeTmp'
make[1]: *** [cmTryCompileExec3595218606] Error 1
make: *** [cmTryCompileExec3595218606/fast] Error 2


